<?xml version="1.0" encoding="UTF-8"?>
<!-- Generated by org.testng.reporters.JUnitReportReporter -->
<testsuite hostname="LAPTOP-DES8B8NC" failures="0" tests="3" name="ExecuteClasses.HomePageTestClass" time="32.774" errors="0" timestamp="2022-11-04T19:20:02 IST" skipped="0">
  <testcase classname="ExecuteClasses.HomePageTestClass" name="verifyTheProductTabIsDisplayedOrNot" time="12.024"/>
  <system-out/>
  <testcase classname="ExecuteClasses.HomePageTestClass" name="verifyTheD4StoreIsDisplayedOrNot" time="12.783"/>
  <system-out/>
  <testcase classname="ExecuteClasses.HomePageTestClass" name="verifyTheLogoutButtonIsWorksFineOrNot" time="7.967"/>
  <system-out/>
</testsuite> <!-- ExecuteClasses.HomePageTestClass -->
